****************************************
Report : area
Design : remove_lso_linear
Version: U-2022.12-SP6
Date   : Thu Jan 22 12:09:35 2026
****************************************

Number of ports:                           64
Number of nets:                           112
Number of cells:                           76
Number of combinational cells:             76
Number of sequential cells:                 0
Number of macros/black boxes:               0
Number of buf/inv:                          6
Number of references:                      22

Combinational area:                    174.60
Buf/Inv area:                            8.13
Noncombinational area:                   0.00
Macro/Black Box area:                    0.00

Total cell area:                       174.60
1
