****************************************
Report : area
Design : remove_lso_linear
Version: U-2022.12-SP6
Date   : Thu Jan 22 11:59:05 2026
****************************************

Number of ports:                           64
Number of nets:                            87
Number of cells:                           54
Number of combinational cells:             54
Number of sequential cells:                 0
Number of macros/black boxes:               0
Number of buf/inv:                          0
Number of references:                       6

Combinational area:                    125.55
Buf/Inv area:                            0.00
Noncombinational area:                   0.00
Macro/Black Box area:                    0.00

Total cell area:                       125.55
1
