****************************************
Report : area
Design : remove_lso_linear
Version: U-2022.12-SP6
Date   : Thu Jan 22 12:02:47 2026
****************************************

Number of ports:                           64
Number of nets:                            79
Number of cells:                           46
Number of combinational cells:             46
Number of sequential cells:                 0
Number of macros/black boxes:               0
Number of buf/inv:                          0
Number of references:                       4

Combinational area:                    105.22
Buf/Inv area:                            0.00
Noncombinational area:                   0.00
Macro/Black Box area:                    0.00

Total cell area:                       105.22
1
