****************************************
Report : area
Design : remove_lso_linear
Version: U-2022.12-SP6
Date   : Thu Jan 22 12:15:27 2026
****************************************

Number of ports:                           64
Number of nets:                           112
Number of cells:                           79
Number of combinational cells:             79
Number of sequential cells:                 0
Number of macros/black boxes:               0
Number of buf/inv:                          7
Number of references:                      24

Combinational area:                    177.39
Buf/Inv area:                            8.90
Noncombinational area:                   0.00
Macro/Black Box area:                    0.00

Total cell area:                       177.39
1
