****************************************
Report : qor
Design : remove_lso_linear
Version: U-2022.12-SP6
Date   : Thu Jan 22 12:17:27 2026
****************************************
Information: Timer using 'Estimated Delay Calculation'. (TIM-050)


Scenario           'func.ss0p95v125c'
Timing Path Group  'FEEDTHROUGH'
----------------------------------------
Levels of Logic:                      4
Critical Path Length:              0.74
Critical Path Slack:              -0.00
Critical Path Clk Period:          1.58
Total Negative Slack:             -0.01
No. of Violating Paths:               8
----------------------------------------


Cell Count
----------------------------------------
Hierarchical Cell Count:              0
Hierarchical Port Count:              0
Leaf Cell Count:                     76
Buf/Inv Cell Count:                   5
Buf Cell Count:                       0
Inv Cell Count:                       5
Combinational Cell Count:            76
   Single-bit Isolation Cell Count:                        0
   Multi-bit Isolation Cell Count:                         0
   Isolation Cell Banking Ratio:                           0.00%
   Single-bit Level Shifter Cell Count:                    0
   Multi-bit Level Shifter Cell Count:                     0
   Level Shifter Cell Banking Ratio:                       0.00%
   Single-bit ELS Cell Count:                              0
   Multi-bit ELS Cell Count:                               0
   ELS Cell Banking Ratio:                                 0.00%
Sequential Cell Count:                0
   Integrated Clock-Gating Cell Count:                     0
   Sequential Macro Cell Count:                            0
   Single-bit Sequential Cell Count:                       0
   Multi-bit Sequential Cell Count:                        0
   Sequential Cell Banking Ratio:                          0.00%
   BitsPerflop:                                            0.00
Macro Count:                          0
----------------------------------------


Area
----------------------------------------
Combinational Area:              171.29
Noncombinational Area:             0.00
Buf/Inv Area:                      6.35
Total Buffer Area:                 0.00
Total Inverter Area:               6.35
Macro/Black Box Area:              0.00
Net Area:                             0
Net XLength:                     275.10
Net YLength:                     514.02
----------------------------------------
Cell Area (netlist):                            171.29
Cell Area (netlist and physical only):          171.29
Net Length:                      789.12


Design Rules
----------------------------------------
Total Number of Nets:               109
Nets with Violations:                 0
Max Trans Violations:                 0
Max Cap Violations:                   0
----------------------------------------

1
