****************************************
Report : area
Design : remove_lso_linear
Version: U-2022.12-SP6
Date   : Thu Jan 22 12:10:34 2026
****************************************

Number of ports:                           64
Number of nets:                           110
Number of cells:                           72
Number of combinational cells:             72
Number of sequential cells:                 0
Number of macros/black boxes:               0
Number of buf/inv:                          3
Number of references:                      23

Combinational area:                    168.75
Buf/Inv area:                            4.07
Noncombinational area:                   0.00
Macro/Black Box area:                    0.00

Total cell area:                       168.75
1
