****************************************
Report : power
        -rtl
        -significant_digits 2
Design : remove_lso_linear
Version: U-2022.12-SP6
Date   : Thu Jan 22 12:10:34 2026
****************************************
Mode: func
Corner: ss0p95v125c
Scenario: func.ss0p95v125c
Voltage: 0.95
Temperature: 125.00

Voltage Unit         : 1V
Capacitance Unit     : 1fF
Time Unit            : 1ns
Temperature Unit     : 1C
Dynamic Power Unit   : 1pW
Leakage Power Unit   : 1pW

                        Internal  Switching  Leakage    Total
Power Group             Power     Power      Power      Power   (     %)
------------------------------------------------------------------------
clock_network            0.00e+00  0.00e+00  0.00e+00  0.00e+00 ( 0.00%)
register                 0.00e+00  0.00e+00  0.00e+00  0.00e+00 ( 0.00%)
combinational            7.96e+06  7.92e+06  4.92e+07  6.51e+07 (100.00%)
sequential               0.00e+00  0.00e+00  0.00e+00  0.00e+00 ( 0.00%)
memory                   0.00e+00  0.00e+00  0.00e+00  0.00e+00 ( 0.00%)
io_pad                   0.00e+00  0.00e+00  0.00e+00  0.00e+00 ( 0.00%)
black_box                0.00e+00  0.00e+00  0.00e+00  0.00e+00 ( 0.00%)

  Net Switching Power  =  7.92e+06   (12.16%)
  Cell Internal Power  =  7.96e+06   (12.23%)
  Cell Leakage Power   =  4.92e+07   (75.61%)
                         ---------
Total Power            =  6.51e+07  (100.00%)
Glitching Power        =  0.00e+00  (100.00%)

1
