****************************************
Report : qor
Design : remove_lso_linear
Version: U-2022.12-SP6
Date   : Thu Jan 22 12:10:34 2026
****************************************
Information: Timer using 'Estimated Delay Calculation'. (TIM-050)


Scenario           'func.ss0p95v125c'
Timing Path Group  'FEEDTHROUGH'
----------------------------------------
Levels of Logic:                      4
Critical Path Length:              0.74
Critical Path Slack:              -0.39
Critical Path Clk Period:          1.20
Total Negative Slack:            -11.12
No. of Violating Paths:              31
----------------------------------------


Cell Count
----------------------------------------
Hierarchical Cell Count:              0
Hierarchical Port Count:              0
Leaf Cell Count:                     72
Buf/Inv Cell Count:                   3
Buf Cell Count:                       0
Inv Cell Count:                       3
Combinational Cell Count:            72
   Single-bit Isolation Cell Count:                        0
   Multi-bit Isolation Cell Count:                         0
   Isolation Cell Banking Ratio:                           0.00%
   Single-bit Level Shifter Cell Count:                    0
   Multi-bit Level Shifter Cell Count:                     0
   Level Shifter Cell Banking Ratio:                       0.00%
   Single-bit ELS Cell Count:                              0
   Multi-bit ELS Cell Count:                               0
   ELS Cell Banking Ratio:                                 0.00%
Sequential Cell Count:                0
   Integrated Clock-Gating Cell Count:                     0
   Sequential Macro Cell Count:                            0
   Single-bit Sequential Cell Count:                       0
   Multi-bit Sequential Cell Count:                        0
   Sequential Cell Banking Ratio:                          0.00%
   BitsPerflop:                                            0.00
Macro Count:                          0
----------------------------------------


Area
----------------------------------------
Combinational Area:              168.75
Noncombinational Area:             0.00
Buf/Inv Area:                      4.07
Total Buffer Area:                 0.00
Total Inverter Area:               4.07
Macro/Black Box Area:              0.00
Net Area:                             0
Net XLength:                     233.28
Net YLength:                     481.84
----------------------------------------
Cell Area (netlist):                            168.75
Cell Area (netlist and physical only):          168.75
Net Length:                      715.12


Design Rules
----------------------------------------
Total Number of Nets:               110
Nets with Violations:                 0
Max Trans Violations:                 0
Max Cap Violations:                   0
----------------------------------------

1
