****************************************
Report : area
Design : remove_lso_linear
Version: U-2022.12-SP6
Date   : Thu Jan 22 12:19:25 2026
****************************************

Number of ports:                           64
Number of nets:                           115
Number of cells:                           74
Number of combinational cells:             74
Number of sequential cells:                 0
Number of macros/black boxes:               0
Number of buf/inv:                          3
Number of references:                      26

Combinational area:                    164.94
Buf/Inv area:                            3.81
Noncombinational area:                   0.00
Macro/Black Box area:                    0.00

Total cell area:                       164.94
1
