****************************************
Report : timing
        -path_type full
        -delay_type max
        -max_paths 1
        -report_by design
Design : remove_lso_linear
Version: U-2022.12-SP6
Date   : Thu Jan 22 12:19:25 2026
****************************************
Information: Timer using 'Estimated Delay Calculation'. (TIM-050)

  Startpoint: x[1] (input port clocked by clk)
  Endpoint: x_no_lso[29] (output port clocked by clk)
  Mode: func
  Corner: ss0p95v125c
  Scenario: func.ss0p95v125c
  Path Group: FEEDTHROUGH
  Path Type: max

  Point                                            Incr      Path  
  ------------------------------------------------------------------------
  clock clk (rise edge)                            0.00      0.00
  clock network delay (ideal)                      0.55      0.55
  input external delay                             0.50      1.05 r
  x[1] (in)                                        0.00      1.05 r
  ctmi_100/Y (OR3X1_LVT)                           0.06      1.11 r
  ctmTdsLR_2_137/Y (OR2X1_LVT)                     0.05      1.16 r
  ctmTdsLR_3_138/Y (OR3X2_LVT)                     0.06      1.22 r
  A133/Y (OR2X2_LVT)                               0.06      1.28 r
  A127/Y (OA21X1_LVT)                              0.05      1.33 r
  x_no_lso[29] (out)                               0.00      1.33 r
  data arrival time                                          1.33

  clock clk (rise edge)                            1.70      1.70
  clock network delay (ideal)                      0.50      2.20
  clock uncertainty                               -0.20      2.00
  output external delay                           -0.60      1.40
  data required time                                         1.40
  ------------------------------------------------------------------------
  data required time                                         1.40
  data arrival time                                         -1.33
  ------------------------------------------------------------------------
  slack (MET)                                                0.07


1
