****************************************
Report : power
        -rtl
        -significant_digits 2
Design : remove_lso_linear
Version: U-2022.12-SP6
Date   : Thu Jan 22 12:22:17 2026
****************************************
Mode: func
Corner: ss0p95v125c
Scenario: func.ss0p95v125c
Voltage: 0.95
Temperature: 125.00

Voltage Unit         : 1V
Capacitance Unit     : 1fF
Time Unit            : 1ns
Temperature Unit     : 1C
Dynamic Power Unit   : 1pW
Leakage Power Unit   : 1pW

                        Internal  Switching  Leakage    Total
Power Group             Power     Power      Power      Power   (     %)
------------------------------------------------------------------------
clock_network            0.00e+00  0.00e+00  0.00e+00  0.00e+00 ( 0.00%)
register                 0.00e+00  0.00e+00  0.00e+00  0.00e+00 ( 0.00%)
combinational            2.85e+06  4.36e+06  4.84e+06  1.20e+07 (100.00%)
sequential               0.00e+00  0.00e+00  0.00e+00  0.00e+00 ( 0.00%)
memory                   0.00e+00  0.00e+00  0.00e+00  0.00e+00 ( 0.00%)
io_pad                   0.00e+00  0.00e+00  0.00e+00  0.00e+00 ( 0.00%)
black_box                0.00e+00  0.00e+00  0.00e+00  0.00e+00 ( 0.00%)

  Net Switching Power  =  4.36e+06   (36.21%)
  Cell Internal Power  =  2.85e+06   (23.64%)
  Cell Leakage Power   =  4.84e+06   (40.15%)
                         ---------
Total Power            =  1.20e+07  (100.00%)
Glitching Power        =  0.00e+00  (100.00%)

1
